<?xml version="1.0" encoding="UTF-8"?>
<!-- Generated by org.testng.reporters.JUnitReportReporter -->
<testsuite skipped="0" hostname="compaq-PC" name="stringconcept_classwork.LearnStringMethods" tests="1" failures="0" timestamp="15 Feb 2018 02:43:08 GMT" time="0.061" errors="0">
  <testcase name="stringBasics" time="0.061" classname="stringconcept_classwork.LearnStringMethods"/>
</testsuite> <!-- stringconcept_classwork.LearnStringMethods -->
